2019-05-20_14:01:27 — :datatestdummy!datatestdummy@datatestdummy.tmi.twitch.tv JOIN #dogdog

2019-05-20_14:02:51 — Invalid alias: The name clear can't be aliased because it is another magic command.
2019-05-20_14:02:51 — Invalid alias: The name more can't be aliased because it is another magic command.
2019-05-20_14:02:51 — Invalid alias: The name less can't be aliased because it is another magic command.
2019-05-20_14:02:51 — Invalid alias: The name man can't be aliased because it is another magic command.
2019-05-20_14:02:54 — :tmi.twitch.tv 001 datatestdummy :Welcome, GLHF!
:tmi.twitch.tv 002 datatestdummy :Your host is tmi.twitch.tv
:tmi.twitch.tv 003 datatestdummy :This server is rather new
:tmi.twitch.tv 004 datatestdummy :-
:tmi.twitch.tv 375 datatestdummy :-
:tmi.twitch.tv 372 datatestdummy :You are in a maze of twisty passages, all alike.
:tmi.twitch.tv 376 datatestdummy :>

2019-05-20_14:04:15 — Invalid alias: The name clear can't be aliased because it is another magic command.
2019-05-20_14:04:15 — Invalid alias: The name more can't be aliased because it is another magic command.
2019-05-20_14:04:15 — Invalid alias: The name less can't be aliased because it is another magic command.
2019-05-20_14:04:15 — Invalid alias: The name man can't be aliased because it is another magic command.
2019-05-20_14:04:23 — :tmi.twitch.tv 001 datatestdummy :Welcome, GLHF!
:tmi.twitch.tv 002 datatestdummy :Your host is tmi.twitch.tv
:tmi.twitch.tv 003 datatestdummy :This server is rather new
:tmi.twitch.tv 004 datatestdummy :-
:tmi.twitch.tv 375 datatestdummy :-
:tmi.twitch.tv 372 datatestdummy :You are in a maze of twisty passages, all alike.
:tmi.twitch.tv 376 datatestdummy :>

2019-05-20_14:04:50 — :tmi.twitch.tv 001 datatestdummy :Welcome, GLHF!
:tmi.twitch.tv 002 datatestdummy :Your host is tmi.twitch.tv
:tmi.twitch.tv 003 datatestdummy :This server is rather new
:tmi.twitch.tv 004 datatestdummy :-
:tmi.twitch.tv 375 datatestdummy :-
:tmi.twitch.tv 372 datatestdummy :You are in a maze of twisty passages, all alike.
:tmi.twitch.tv 376 datatestdummy :>

2019-05-20_14:04:58 — Invalid alias: The name clear can't be aliased because it is another magic command.
2019-05-20_14:04:58 — Invalid alias: The name more can't be aliased because it is another magic command.
2019-05-20_14:04:58 — Invalid alias: The name less can't be aliased because it is another magic command.
2019-05-20_14:04:58 — Invalid alias: The name man can't be aliased because it is another magic command.
2019-05-20_14:05:16 — :tmi.twitch.tv 001 datatestdummy :Welcome, GLHF!
:tmi.twitch.tv 002 datatestdummy :Your host is tmi.twitch.tv
:tmi.twitch.tv 003 datatestdummy :This server is rather new
:tmi.twitch.tv 004 datatestdummy :-
:tmi.twitch.tv 375 datatestdummy :-
:tmi.twitch.tv 372 datatestdummy :You are in a maze of twisty passages, all alike.
:tmi.twitch.tv 376 datatestdummy :>

2019-05-20_14:06:13 — Invalid alias: The name clear can't be aliased because it is another magic command.
2019-05-20_14:06:13 — Invalid alias: The name more can't be aliased because it is another magic command.
2019-05-20_14:06:13 — Invalid alias: The name less can't be aliased because it is another magic command.
2019-05-20_14:06:13 — Invalid alias: The name man can't be aliased because it is another magic command.
2019-05-20_14:07:02 — :tmi.twitch.tv 001 datatestdummy :Welcome, GLHF!
:tmi.twitch.tv 002 datatestdummy :Your host is tmi.twitch.tv
:tmi.twitch.tv 003 datatestdummy :This server is rather new
:tmi.twitch.tv 004 datatestdummy :-
:tmi.twitch.tv 375 datatestdummy :-
:tmi.twitch.tv 372 datatestdummy :You are in a maze of twisty passages, all alike.
:tmi.twitch.tv 376 datatestdummy :>

2019-05-20_14:07:33 — :tmi.twitch.tv 001 datatestdummy :Welcome, GLHF!
:tmi.twitch.tv 002 datatestdummy :Your host is tmi.twitch.tv
:tmi.twitch.tv 003 datatestdummy :This server is rather new
:tmi.twitch.tv 004 datatestdummy :-
:tmi.twitch.tv 375 datatestdummy :-
:tmi.twitch.tv 372 datatestdummy :You are in a maze of twisty passages, all alike.
:tmi.twitch.tv 376 datatestdummy :>

2019-05-20_14:07:40 — Invalid alias: The name clear can't be aliased because it is another magic command.
2019-05-20_14:07:40 — Invalid alias: The name more can't be aliased because it is another magic command.
2019-05-20_14:07:40 — Invalid alias: The name less can't be aliased because it is another magic command.
2019-05-20_14:07:40 — Invalid alias: The name man can't be aliased because it is another magic command.
2019-05-20_14:07:45 — :tmi.twitch.tv 001 datatestdummy :Welcome, GLHF!
:tmi.twitch.tv 002 datatestdummy :Your host is tmi.twitch.tv
:tmi.twitch.tv 003 datatestdummy :This server is rather new
:tmi.twitch.tv 004 datatestdummy :-
:tmi.twitch.tv 375 datatestdummy :-
:tmi.twitch.tv 372 datatestdummy :You are in a maze of twisty passages, all alike.
:tmi.twitch.tv 376 datatestdummy :>

2019-05-20_14:08:01 — :tmi.twitch.tv 001 datatestdummy :Welcome, GLHF!
:tmi.twitch.tv 002 datatestdummy :Your host is tmi.twitch.tv
:tmi.twitch.tv 003 datatestdummy :This server is rather new
:tmi.twitch.tv 004 datatestdummy :-
:tmi.twitch.tv 375 datatestdummy :-
:tmi.twitch.tv 372 datatestdummy :You are in a maze of twisty passages, all alike.
:tmi.twitch.tv 376 datatestdummy :>

2019-05-20_14:08:05 — :tmi.twitch.tv 001 datatestdummy :Welcome, GLHF!
:tmi.twitch.tv 002 datatestdummy :Your host is tmi.twitch.tv
:tmi.twitch.tv 003 datatestdummy :This server is rather new
:tmi.twitch.tv 004 datatestdummy :-
:tmi.twitch.tv 375 datatestdummy :-
:tmi.twitch.tv 372 datatestdummy :You are in a maze of twisty passages, all alike.
:tmi.twitch.tv 376 datatestdummy :>

2019-05-20_14:08:17 — :tmi.twitch.tv 001 datatestdummy :Welcome, GLHF!
:tmi.twitch.tv 002 datatestdummy :Your host is tmi.twitch.tv
:tmi.twitch.tv 003 datatestdummy :This server is rather new
:tmi.twitch.tv 004 datatestdummy :-
:tmi.twitch.tv 375 datatestdummy :-
:tmi.twitch.tv 372 datatestdummy :You are in a maze of twisty passages, all alike.
:tmi.twitch.tv 376 datatestdummy :>

2019-05-20_14:08:21 — Invalid alias: The name clear can't be aliased because it is another magic command.
2019-05-20_14:08:21 — Invalid alias: The name more can't be aliased because it is another magic command.
2019-05-20_14:08:21 — Invalid alias: The name less can't be aliased because it is another magic command.
2019-05-20_14:08:21 — Invalid alias: The name man can't be aliased because it is another magic command.
2019-05-20_14:08:24 — :tmi.twitch.tv 001 datatestdummy :Welcome, GLHF!
:tmi.twitch.tv 002 datatestdummy :Your host is tmi.twitch.tv
:tmi.twitch.tv 003 datatestdummy :This server is rather new
:tmi.twitch.tv 004 datatestdummy :-
:tmi.twitch.tv 375 datatestdummy :-
:tmi.twitch.tv 372 datatestdummy :You are in a maze of twisty passages, all alike.
:tmi.twitch.tv 376 datatestdummy :>

2019-05-20_14:08:27 — Invalid alias: The name clear can't be aliased because it is another magic command.
2019-05-20_14:08:27 — Invalid alias: The name more can't be aliased because it is another magic command.
2019-05-20_14:08:27 — Invalid alias: The name less can't be aliased because it is another magic command.
2019-05-20_14:08:27 — Invalid alias: The name man can't be aliased because it is another magic command.
2019-05-20_14:08:30 — :tmi.twitch.tv 001 datatestdummy :Welcome, GLHF!
:tmi.twitch.tv 002 datatestdummy :Your host is tmi.twitch.tv
:tmi.twitch.tv 003 datatestdummy :This server is rather new
:tmi.twitch.tv 004 datatestdummy :-
:tmi.twitch.tv 375 datatestdummy :-
:tmi.twitch.tv 372 datatestdummy :You are in a maze of twisty passages, all alike.
:tmi.twitch.tv 376 datatestdummy :>

2019-05-20_14:08:34 — Invalid alias: The name clear can't be aliased because it is another magic command.
2019-05-20_14:08:34 — Invalid alias: The name more can't be aliased because it is another magic command.
2019-05-20_14:08:34 — Invalid alias: The name less can't be aliased because it is another magic command.
2019-05-20_14:08:34 — Invalid alias: The name man can't be aliased because it is another magic command.
2019-05-20_14:08:41 — :tmi.twitch.tv 001 datatestdummy :Welcome, GLHF!
:tmi.twitch.tv 002 datatestdummy :Your host is tmi.twitch.tv
:tmi.twitch.tv 003 datatestdummy :This server is rather new
:tmi.twitch.tv 004 datatestdummy :-
:tmi.twitch.tv 375 datatestdummy :-
:tmi.twitch.tv 372 datatestdummy :You are in a maze of twisty passages, all alike.
:tmi.twitch.tv 376 datatestdummy :>

2019-05-20_14:09:06 — Invalid alias: The name clear can't be aliased because it is another magic command.
2019-05-20_14:09:06 — Invalid alias: The name more can't be aliased because it is another magic command.
2019-05-20_14:09:06 — Invalid alias: The name less can't be aliased because it is another magic command.
2019-05-20_14:09:06 — Invalid alias: The name man can't be aliased because it is another magic command.
2019-05-20_14:09:10 — :tmi.twitch.tv 001 datatestdummy :Welcome, GLHF!
:tmi.twitch.tv 002 datatestdummy :Your host is tmi.twitch.tv
:tmi.twitch.tv 003 datatestdummy :This server is rather new
:tmi.twitch.tv 004 datatestdummy :-
:tmi.twitch.tv 375 datatestdummy :-
:tmi.twitch.tv 372 datatestdummy :You are in a maze of twisty passages, all alike.
:tmi.twitch.tv 376 datatestdummy :>

2019-05-20_14:09:14 — Invalid alias: The name clear can't be aliased because it is another magic command.
2019-05-20_14:09:14 — Invalid alias: The name more can't be aliased because it is another magic command.
2019-05-20_14:09:14 — Invalid alias: The name less can't be aliased because it is another magic command.
2019-05-20_14:09:14 — Invalid alias: The name man can't be aliased because it is another magic command.
2019-05-20_14:09:16 — :tmi.twitch.tv 001 datatestdummy :Welcome, GLHF!
:tmi.twitch.tv 002 datatestdummy :Your host is tmi.twitch.tv
:tmi.twitch.tv 003 datatestdummy :This server is rather new
:tmi.twitch.tv 004 datatestdummy :-
:tmi.twitch.tv 375 datatestdummy :-
:tmi.twitch.tv 372 datatestdummy :You are in a maze of twisty passages, all alike.
:tmi.twitch.tv 376 datatestdummy :>

2019-05-20_14:09:20 — Invalid alias: The name clear can't be aliased because it is another magic command.
2019-05-20_14:09:20 — Invalid alias: The name more can't be aliased because it is another magic command.
2019-05-20_14:09:20 — Invalid alias: The name less can't be aliased because it is another magic command.
2019-05-20_14:09:20 — Invalid alias: The name man can't be aliased because it is another magic command.
2019-05-20_14:09:28 — :tmi.twitch.tv 001 datatestdummy :Welcome, GLHF!
:tmi.twitch.tv 002 datatestdummy :Your host is tmi.twitch.tv
:tmi.twitch.tv 003 datatestdummy :This server is rather new
:tmi.twitch.tv 004 datatestdummy :-
:tmi.twitch.tv 375 datatestdummy :-
:tmi.twitch.tv 372 datatestdummy :You are in a maze of twisty passages, all alike.
:tmi.twitch.tv 376 datatestdummy :>

2019-05-20_14:09:58 — Invalid alias: The name clear can't be aliased because it is another magic command.
2019-05-20_14:09:58 — Invalid alias: The name more can't be aliased because it is another magic command.
2019-05-20_14:09:58 — Invalid alias: The name less can't be aliased because it is another magic command.
2019-05-20_14:09:58 — Invalid alias: The name man can't be aliased because it is another magic command.
2019-05-20_14:09:59 — :datatestdummy!datatestdummy@datatestdummy.tmi.twitch.tv JOIN #dogdog

2019-05-20_14:10:03 — Invalid alias: The name clear can't be aliased because it is another magic command.
2019-05-20_14:10:03 — Invalid alias: The name more can't be aliased because it is another magic command.
2019-05-20_14:10:03 — Invalid alias: The name less can't be aliased because it is another magic command.
2019-05-20_14:10:03 — Invalid alias: The name man can't be aliased because it is another magic command.
2019-05-20_14:10:05 — :datatestdummy!datatestdummy@datatestdummy.tmi.twitch.tv JOIN #dogdog

2019-05-20_14:10:08 — Invalid alias: The name clear can't be aliased because it is another magic command.
2019-05-20_14:10:08 — Invalid alias: The name more can't be aliased because it is another magic command.
2019-05-20_14:10:08 — Invalid alias: The name less can't be aliased because it is another magic command.
2019-05-20_14:10:08 — Invalid alias: The name man can't be aliased because it is another magic command.
2019-05-20_14:10:09 — :datatestdummy!datatestdummy@datatestdummy.tmi.twitch.tv JOIN #dogdog

2019-05-20_14:10:14 — :datatestdummy!datatestdummy@datatestdummy.tmi.twitch.tv JOIN #dogdog

2019-05-20_14:10:19 — :datatestdummy!datatestdummy@datatestdummy.tmi.twitch.tv JOIN #dogdog
:datatestdummy.tmi.twitch.tv 353 datatestdummy = #dogdog :datatestdummy
:datatestdummy.tmi.twitch.tv 366 datatestdummy #dogdog :End of /NAMES list

2019-05-20_14:10:44 — :datatestdummy!datatestdummy@datatestdummy.tmi.twitch.tv JOIN #dogdog

2019-05-20_14:12:29 — :datatestdummy!datatestdummy@datatestdummy.tmi.twitch.tv JOIN #dogdog

2019-05-20_14:14:04 — :datatestdummy!datatestdummy@datatestdummy.tmi.twitch.tv JOIN #dogdog

2019-05-20_14:14:15 — Invalid alias: The name clear can't be aliased because it is another magic command.
2019-05-20_14:14:15 — Invalid alias: The name more can't be aliased because it is another magic command.
2019-05-20_14:14:15 — Invalid alias: The name less can't be aliased because it is another magic command.
2019-05-20_14:14:15 — Invalid alias: The name man can't be aliased because it is another magic command.
